#-----------------------------------------------------------
# Vivado v2018.2 (64-bit)
# SW Build 2258646 on Thu Jun 14 20:03:12 MDT 2018
# IP Build 2256618 on Thu Jun 14 22:10:49 MDT 2018
# Start of session at: Thu Mar 14 11:09:48 2019
# Process ID: 10004
# Current directory: C:/Users/Jordan/Documents/Projects/FP-Microarchitecture/Simulation
# Command line: vivado.exe -gui_launcher_event rodinguilauncherevent9684 C:\Users\Jordan\Documents\Projects\FP-Microarchitecture\Simulation\Simulation.xpr
# Log file: C:/Users/Jordan/Documents/Projects/FP-Microarchitecture/Simulation/vivado.log
# Journal file: C:/Users/Jordan/Documents/Projects/FP-Microarchitecture/Simulation\vivado.jou
#-----------------------------------------------------------
start_gui
open_project C:/Users/Jordan/Documents/Projects/FP-Microarchitecture/Simulation/Simulation.xpr
INFO: [Project 1-313] Project file moved from 'C:/Users/jorda/Documents/Projects/FP-Microarchitecture/Simulation' since last save.
Scanning sources...
Finished scanning sources
INFO: [IP_Flow 19-234] Refreshing IP repositories
INFO: [IP_Flow 19-1704] No user IP repositories specified
INFO: [IP_Flow 19-2313] Loaded Vivado IP repository 'C:/Vivado/Vivado/2018.2/data/ip'.
open_project: Time (s): cpu = 00:00:13 ; elapsed = 00:00:21 . Memory (MB): peak = 696.602 ; gain = 54.828
update_compile_order -fileset sources_1
